{
  "RSpec": {
    "coverage": {
      "/home/leo/Projects/cs169/dailyroute/spec/support/controller_macros.rb": [
        1,
        1,
        1,
        3,
        3,
        null,
        3,
        null,
        null,
        null
      ],
      "/home/leo/Projects/cs169/dailyroute/app/controllers/users_controller.rb": [
        1,
        null,
        1,
        1,
        1,
        1,
        null,
        1,
        0,
        null,
        null,
        1,
        2,
        null,
        2,
        1,
        1,
        null,
        null,
        null,
        null,
        1,
        null,
        null,
        null,
        1,
        null,
        0,
        null,
        null,
        1,
        0,
        null,
        null,
        0,
        0,
        0,
        0,
        null,
        null,
        0,
        0,
        0,
        null,
        null,
        0,
        0,
        null,
        0,
        0,
        null,
        0,
        0,
        null,
        0,
        0,
        null,
        null,
        null,
        0,
        0,
        0,
        null,
        null,
        null,
        0,
        0,
        null,
        0,
        null,
        null,
        null,
        null,
        1,
        null,
        0,
        null,
        null,
        0,
        0,
        null,
        null,
        null,
        null,
        0,
        0,
        0,
        0,
        null,
        null,
        null,
        null,
        0,
        null,
        null,
        null,
        null
      ],
      "/home/leo/Projects/cs169/dailyroute/app/controllers/application_controller.rb": [
        1,
        null,
        null,
        1,
        1,
        1,
        2,
        2,
        2,
        2,
        null,
        0,
        null,
        null,
        null,
        null
      ],
      "/home/leo/Projects/cs169/dailyroute/app/models/us_es_relation.rb": [
        1,
        1,
        1,
        null
      ],
      "/home/leo/Projects/cs169/dailyroute/app/models/event.rb": [
        1,
        null,
        1,
        1,
        1,
        1,
        null,
        null,
        null,
        null,
        null,
        null,
        null,
        null,
        null,
        null,
        null,
        null,
        null,
        null,
        null,
        null,
        null,
        null,
        null,
        null,
        null,
        null,
        null,
        null,
        null,
        null,
        null,
        null,
        null,
        null,
        null,
        null,
        null,
        null,
        null,
        null,
        null,
        null,
        null,
        null,
        null,
        null,
        null,
        null,
        null,
        null,
        null,
        null,
        null,
        null,
        null,
        null,
        null,
        null,
        null,
        null,
        null,
        null,
        null,
        null,
        null,
        null,
        null,
        null,
        null,
        null,
        null,
        null,
        null
      ]
    },
    "timestamp": 1394769037
  }
}
